0 info it worked if it ends with ok
1 verbose cli [ 'node', '/usr/local/bin/npm', 'install' ]
2 info using npm@2.1.6
3 info using node@v0.10.33
4 verbose node symlink /usr/local/bin/node
5 verbose install where, deps [ '/Users/albertllavore/repositories/plae-chef',
5 verbose install   [ 'karma',
5 verbose install     'karma-chrome-launcher',
5 verbose install     'karma-jasmine',
5 verbose install     'protractor',
5 verbose install     'http-server',
5 verbose install     'tmp',
5 verbose install     'bower',
5 verbose install     'shelljs' ] ]
6 verbose install where, peers [ '/Users/albertllavore/repositories/plae-chef', [] ]
7 info preinstall plae-chef@0.0.0
8 verbose already installed skipping http-server@^0.6.1 /Users/albertllavore/repositories/plae-chef
9 verbose already installed skipping tmp@0.0.23 /Users/albertllavore/repositories/plae-chef
10 verbose already installed skipping bower@^1.3.1 /Users/albertllavore/repositories/plae-chef
11 verbose already installed skipping shelljs@^0.2.6 /Users/albertllavore/repositories/plae-chef
12 verbose already installed skipping karma@^0.12.16 /Users/albertllavore/repositories/plae-chef
13 verbose already installed skipping karma-chrome-launcher@^0.1.4 /Users/albertllavore/repositories/plae-chef
14 verbose already installed skipping karma-jasmine@^0.1.5 /Users/albertllavore/repositories/plae-chef
15 verbose already installed skipping protractor@~1.0.0 /Users/albertllavore/repositories/plae-chef
16 silly install resolved []
17 info build /Users/albertllavore/repositories/plae-chef
18 verbose linkStuff [ false, false, false, '/Users/albertllavore/repositories' ]
19 info linkStuff plae-chef@0.0.0
20 verbose linkBins plae-chef@0.0.0
21 verbose linkMans plae-chef@0.0.0
22 verbose rebuildBundles plae-chef@0.0.0
23 verbose rebuildBundles [ '.bin',
23 verbose rebuildBundles   'bower',
23 verbose rebuildBundles   'http-server',
23 verbose rebuildBundles   'karma',
23 verbose rebuildBundles   'karma-chrome-launcher',
23 verbose rebuildBundles   'karma-jasmine',
23 verbose rebuildBundles   'protractor',
23 verbose rebuildBundles   'shelljs',
23 verbose rebuildBundles   'tmp' ]
24 info install plae-chef@0.0.0
25 info postinstall plae-chef@0.0.0
26 verbose unsafe-perm in lifecycle true
27 info plae-chef@0.0.0 Failed to exec postinstall script
28 verbose stack Error: plae-chef@0.0.0 postinstall: `bower install`
28 verbose stack Exit status 1
28 verbose stack     at ChildProcess.<anonymous> (/usr/local/lib/node_modules/npm/lib/utils/lifecycle.js:212:16)
28 verbose stack     at ChildProcess.emit (events.js:98:17)
28 verbose stack     at maybeClose (child_process.js:756:16)
28 verbose stack     at Process.ChildProcess._handle.onexit (child_process.js:823:5)
29 verbose pkgid plae-chef@0.0.0
30 verbose cwd /Users/albertllavore/repositories/plae-chef
31 error Darwin 14.0.0
32 error argv "node" "/usr/local/bin/npm" "install"
33 error node v0.10.33
34 error npm  v2.1.6
35 error code ELIFECYCLE
36 error plae-chef@0.0.0 postinstall: `bower install`
36 error Exit status 1
37 error Failed at the plae-chef@0.0.0 postinstall script.
37 error This is most likely a problem with the plae-chef package,
37 error not with npm itself.
37 error Tell the author that this fails on your system:
37 error     bower install
37 error You can get their info via:
37 error     npm owner ls plae-chef
37 error There is likely additional logging output above.
38 verbose exit [ 1, true ]
